This is pdfTeX, Version 3.1415926-2.5-1.40.14 (TeX Live 2013) (format=pdflatex 2014.1.21)  21 JAN 2014 14:06
entering extended mode
 restricted \write18 enabled.
 file:line:error style messages enabled.
 %&-line parsing enabled.
**chapterExample.tex
(./chapterExample.tex
LaTeX2e <2011/06/27>
Babel <3.9f> and hyphenation patterns for 21 languages loaded.
./chapterExample.tex:3: Undefined control sequence.
l.3 \chapter
            {Introduction}
? 
./chapterExample.tex:3: Emergency stop.
l.3 \chapter
            {Introduction}
End of file on the terminal!

 
Here is how much of TeX's memory you used:
 5 strings out of 494536
 154 string characters out of 6167446
 46958 words of memory out of 5000000
 3354 multiletter control sequences out of 15000+600000
 3640 words of font info for 14 fonts, out of 8000000 for 9000
 319 hyphenation exceptions out of 8191
 5i,0n,1p,44b,8s stack positions out of 5000i,500n,10000p,200000b,80000s
./chapterExample.tex:3:  ==> Fatal error occurred, no output PDF file produced!

