This is pdfTeX, Version 3.1415926-2.5-1.40.14 (TeX Live 2013) (format=pdflatex 2014.1.21)  5 MAR 2014 09:28
entering extended mode
 restricted \write18 enabled.
 file:line:error style messages enabled.
 %&-line parsing enabled.
**portillas.tex
(./portillas.tex
LaTeX2e <2011/06/27>
Babel <3.9f> and hyphenation patterns for 21 languages loaded.

./portillas.tex:8: LaTeX Error: Missing \begin{document}.

See the LaTeX manual or LaTeX Companion for explanation.
Type  H <return>  for immediate help.
 ...                                              
                                                  
l.8 \begin{center}
                  
? 
./portillas.tex:8: Emergency stop.
 ...                                              
                                                  
l.8 \begin{center}
                  
You're in trouble here.  Try typing  <return>  to proceed.
If that doesn't work, type  X <return>  to quit.

 
Here is how much of TeX's memory you used:
 13 strings out of 494536
 309 string characters out of 6167446
 46958 words of memory out of 5000000
 3360 multiletter control sequences out of 15000+600000
 3941 words of font info for 15 fonts, out of 8000000 for 9000
 319 hyphenation exceptions out of 8191
 12i,0n,9p,83b,68s stack positions out of 5000i,500n,10000p,200000b,80000s
./portillas.tex:8:  ==> Fatal error occurred, no output PDF file produced!
