\BOOKMARK [0][-]{chapter.1}{Introducci\363n}{}% 1
\BOOKMARK [1][-]{section.1.1}{Motivaci\363n}{chapter.1}% 2
\BOOKMARK [1][-]{section.1.2}{Hip\363tesis}{chapter.1}% 3
\BOOKMARK [1][-]{section.1.3}{Objetivos}{chapter.1}% 4
\BOOKMARK [1][-]{section.1.4}{Estructura de la tesis}{chapter.1}% 5
\BOOKMARK [0][-]{chapter.2}{Antecedentes}{}% 6
\BOOKMARK [1][-]{section.2.1}{Procesamiento de se\361ales}{chapter.2}% 7
\BOOKMARK [2][-]{subsection.2.1.1}{Muestreo}{section.2.1}% 8
\BOOKMARK [2][-]{subsection.2.1.2}{Cuantificaci\363n}{section.2.1}% 9
\BOOKMARK [2][-]{subsection.2.1.3}{Codificaci\363n}{section.2.1}% 10
\BOOKMARK [1][-]{section.2.2}{Transformada r\341pida de Fourier}{chapter.2}% 11
\BOOKMARK [1][-]{section.2.3}{Reconocimiento de patrones}{chapter.2}% 12
\BOOKMARK [0][-]{chapter.3}{Estado del arte}{}% 13
\BOOKMARK [1][-]{section.3.1}{Revisi\363n de trabajos relacionados}{chapter.3}% 14
\BOOKMARK [2][-]{subsection.3.1.1}{Detecci\363n de tempo}{section.3.1}% 15
\BOOKMARK [2][-]{subsection.3.1.2}{Aplicaciones con el tempo}{section.3.1}% 16
\BOOKMARK [1][-]{section.3.2}{An\341lisis comparativo}{chapter.3}% 17
\BOOKMARK [1][-]{section.3.3}{Sistema propuesto}{chapter.3}% 18
\BOOKMARK [0][-]{chapter.4}{Soluci\363n propuesta}{}% 19
\BOOKMARK [1][-]{section.4.1}{Metodolog\355a}{chapter.4}% 20
\BOOKMARK [2][-]{subsection.4.1.1}{Planeaci\363n de proyecto}{section.4.1}% 21
\BOOKMARK [2][-]{subsection.4.1.2}{M\351todo de procesamiento}{section.4.1}% 22
\BOOKMARK [2][-]{subsection.4.1.3}{M\351todo de clasificaci\363n}{section.4.1}% 23
\BOOKMARK [1][-]{section.4.2}{Dise\361o e implementaci\363n}{chapter.4}% 24
\BOOKMARK [2][-]{subsection.4.2.1}{Interfaz}{section.4.2}% 25
\BOOKMARK [2][-]{subsection.4.2.2}{Funcionamiento interno}{section.4.2}% 26
\BOOKMARK [1][-]{section.4.3}{Obtenci\363n de informaci\363n relevante}{chapter.4}% 27
\BOOKMARK [1][-]{section.4.4}{Generaci\363n de listas de reproducci\363n}{chapter.4}% 28
\BOOKMARK [1][-]{section.4.5}{Transici\363n inteligente entre pistas}{chapter.4}% 29
\BOOKMARK [1][-]{section.4.6}{Dificultades}{chapter.4}% 30
\BOOKMARK [0][-]{chapter.5}{Evaluaci\363n}{}% 31
\BOOKMARK [1][-]{section.5.1}{Dise\361o experimental}{chapter.5}% 32
\BOOKMARK [2][-]{subsection.5.1.1}{Velocidad de procesamiento}{section.5.1}% 33
\BOOKMARK [2][-]{subsection.5.1.2}{Precisi\363n algor\355tmica}{section.5.1}% 34
\BOOKMARK [2][-]{subsection.5.1.3}{Eficiencia de ejecuci\363n}{section.5.1}% 35
\BOOKMARK [2][-]{subsection.5.1.4}{Generaci\363n autom\341tica de listas de reproducci\363n}{section.5.1}% 36
\BOOKMARK [2][-]{subsection.5.1.5}{Transici\363n y mezclado entre pistas}{section.5.1}% 37
\BOOKMARK [1][-]{section.5.2}{Resultados}{chapter.5}% 38
\BOOKMARK [2][-]{subsection.5.2.1}{Pruebas de rendimiento}{section.5.2}% 39
\BOOKMARK [2][-]{subsection.5.2.2}{Pruebas con usuarios}{section.5.2}% 40
\BOOKMARK [1][-]{section.5.3}{An\341lisis de resultados}{chapter.5}% 41
\BOOKMARK [2][-]{subsection.5.3.1}{An\341lisis de rendimiento}{section.5.3}% 42
\BOOKMARK [2][-]{subsection.5.3.2}{An\341lisis con usuarios}{section.5.3}% 43
\BOOKMARK [0][-]{chapter.6}{Conclusiones}{}% 44
\BOOKMARK [1][-]{section.6.1}{Discusi\363n}{chapter.6}% 45
\BOOKMARK [1][-]{section.6.2}{Trabajo a futuro}{chapter.6}% 46
\BOOKMARK [0][-]{section*.10}{Bibliograf\355a}{}% 47
